<?xml version="1.0" encoding="UTF-8"?>
<testsuite xmlns:xsi="http://www.w3.org/2001/XMLSchema-instance" xsi:noNamespaceSchemaLocation="https://maven.apache.org/surefire/maven-surefire-plugin/xsd/surefire-test-report-3.0.xsd" version="3.0" name="com.radicu.ruleengine.RuleengineApplicationTests" time="3.899" tests="1" errors="0" skipped="0" failures="0">
  <properties>
[...]
</properties>
  <testcase name="contextLoads" classname="com.radicu.ruleengine.RuleengineApplicationTests" time="0.897">
    <system-out><![CDATA[11:35:45.288 [main] INFO org.springframework.test.context.support.AnnotationConfigContextLoaderUtils -- Could not detect default configuration classes for test class [com.radicu.ruleengine.RuleengineApplicationTests]: RuleengineApplicationTests does not declare any static, non-private, non-final, nested classes annotated with @Configuration.
11:35:45.374 [main] INFO org.springframework.boot.test.context.SpringBootTestContextBootstrapper -- Found @SpringBootConfiguration com.radicu.ruleengine.RuleengineApplication for test class com.radicu.ruleengine.RuleengineApplicationTests
2025-06-13T11:35:45.791+08:00  INFO 9932 --- [           main] c.r.r.RuleengineApplicationTests         : Starting RuleengineApplicationTests using Java 17.0.12 with PID 9932 (started by radik in E:\radika\MTS\Experiment\Edge_AI\Drools_App)
2025-06-13T11:35:45.794+08:00 DEBUG 9932 --- [           main] c.r.r.RuleengineApplicationTests         : Running with Spring Boot v3.1.2, Spring v6.0.11
2025-06-13T11:35:45.794+08:00  INFO 9932 --- [           main] c.r.r.RuleengineApplicationTests         : No active profile set, falling back to 1 default profile: "default"
2025-06-13T11:35:46.652+08:00 DEBUG 9932 --- [           main] o.d.c.compiler.JavaDialectConfiguration  : Selected compiler ECLIPSE [drools.dialect.java.compiler:null, hasEclipseCompiler:true]
2025-06-13T11:35:46.652+08:00 DEBUG 9932 --- [           main] o.d.c.compiler.JavaDialectConfiguration  : Selected compiler ECLIPSE [drools.dialect.java.compiler:null, hasEclipseCompiler:true]
2025-06-13T11:35:46.682+08:00 DEBUG 9932 --- [           main] o.d.c.compiler.JavaDialectConfiguration  : Selected compiler ECLIPSE [drools.dialect.java.compiler:null, hasEclipseCompiler:true]
2025-06-13T11:35:46.683+08:00 DEBUG 9932 --- [           main] o.d.c.compiler.JavaDialectConfiguration  : Selected compiler ECLIPSE [drools.dialect.java.compiler:null, hasEclipseCompiler:true]
2025-06-13T11:35:46.683+08:00 DEBUG 9932 --- [           main] o.d.c.compiler.JavaDialectConfiguration  : Selected compiler ECLIPSE [drools.dialect.java.compiler:null, hasEclipseCompiler:true]
2025-06-13T11:35:47.324+08:00 DEBUG 9932 --- [           main] o.d.c.k.builder.impl.KieRepositoryImpl   : KieModule was added: MemoryKieModule[releaseId=org.default:artifact:1.0.0]
2025-06-13T11:35:47.325+08:00 DEBUG 9932 --- [           main] o.d.c.k.builder.impl.KieRepositoryImpl   : Cannot load a KieRepositoryScanner, using the DummyKieScanner
2025-06-13T11:35:47.401+08:00 DEBUG 9932 --- [           main] o.d.c.compiler.JavaDialectConfiguration  : Selected compiler ECLIPSE [drools.dialect.java.compiler:null, hasEclipseCompiler:true]
2025-06-13T11:35:47.401+08:00 DEBUG 9932 --- [           main] o.d.c.compiler.JavaDialectConfiguration  : Selected compiler ECLIPSE [drools.dialect.java.compiler:null, hasEclipseCompiler:true]
2025-06-13T11:35:47.479+08:00 DEBUG 9932 --- [           main] o.d.c.k.builder.impl.KieRepositoryImpl   : KieModule was added: MemoryKieModule[releaseId=org.default:artifact:1.0.0]
2025-06-13T11:35:47.497+08:00 DEBUG 9932 --- [           main] o.d.c.compiler.JavaDialectConfiguration  : Selected compiler ECLIPSE [drools.dialect.java.compiler:null, hasEclipseCompiler:true]
2025-06-13T11:35:47.497+08:00 DEBUG 9932 --- [           main] o.d.c.compiler.JavaDialectConfiguration  : Selected compiler ECLIPSE [drools.dialect.java.compiler:null, hasEclipseCompiler:true]
2025-06-13T11:35:47.573+08:00 DEBUG 9932 --- [           main] o.d.c.k.builder.impl.KieRepositoryImpl   : KieModule was added: MemoryKieModule[releaseId=org.default:artifact:1.0.0]
2025-06-13T11:35:48.084+08:00  INFO 9932 --- [           main] c.r.r.RuleengineApplicationTests         : Started RuleengineApplicationTests in 2.601 seconds (process running for 3.421)
]]></system-out>
  </testcase>
</testsuite>